[OK] Backup created: /Users/mseddik/IdeaProjects/Backend Project I/src/app/backups/db_backup_20251204_002200.sqlite3
[CLEANUP] Removed old backup: db_backup_20251204_001344.sqlite3
[OK] Backup created: /Users/mseddik/IdeaProjects/Backend Project I/src/app/backups/db_backup_20251204_002301.sqlite3
[CLEANUP] Removed old backup: db_backup_20251204_001346.sqlite3
[OK] Backup created: /Users/mseddik/IdeaProjects/Backend Project I/src/app/backups/db_backup_20251204_002400.sqlite3
[CLEANUP] Removed old backup: db_backup_20251204_001348.sqlite3
[OK] Backup created: /Users/mseddik/IdeaProjects/Backend Project I/src/app/backups/db_backup_20251204_002500.sqlite3
[CLEANUP] Removed old backup: db_backup_20251204_001350.sqlite3
[OK] Backup created: /Users/mseddik/IdeaProjects/Backend Project I/src/app/backups/db_backup_20251204_002600.sqlite3
[CLEANUP] Removed old backup: db_backup_20251204_001352.sqlite3
[OK] Backup created: /Users/mseddik/IdeaProjects/Backend Project I/src/app/backups/db_backup_20251204_002701.sqlite3
[CLEANUP] Removed old backup: db_backup_20251204_001354.sqlite3
[OK] Backup created: /Users/mseddik/IdeaProjects/Backend Project I/src/app/backups/db_backup_20251204_002800.sqlite3
[CLEANUP] Removed old backup: db_backup_20251204_001356.sqlite3
[OK] Backup created: /Users/mseddik/IdeaProjects/Backend Project I/src/app/backups/db_backup_20251204_002900.sqlite3
[CLEANUP] Removed old backup: db_backup_20251204_002200.sqlite3
[OK] Backup created: /Users/mseddik/IdeaProjects/Backend Project I/src/app/backups/db_backup_20251204_003000.sqlite3
[CLEANUP] Removed old backup: db_backup_20251204_002301.sqlite3
[OK] Backup created: /Users/mseddik/IdeaProjects/Backend Project I/src/app/backups/db_backup_20251204_003101.sqlite3
[CLEANUP] Removed old backup: db_backup_20251204_002400.sqlite3
[OK] Backup created: /Users/mseddik/IdeaProjects/Backend Project I/src/app/backups/db_backup_20251207_140000.sqlite3
[CLEANUP] Removed old backup: db_backup_20251204_003103.sqlite3
[OK] Backup created: /Users/mseddik/IdeaProjects/Backend Project I/src/app/backups/db_backup_20251209_140000.sqlite3
[CLEANUP] Removed old backup: db_backup_20251204_003104.sqlite3
[OK] Backup created: /Users/mseddik/IdeaProjects/Backend Project I/src/app/backups/db_backup_20251211_140000.sqlite3
[CLEANUP] Removed old backup: db_backup_20251204_003105.sqlite3
[OK] Backup created: /Users/mseddik/IdeaProjects/Backend Project I/src/app/backups/db_backup_20251215_140000.sqlite3
[CLEANUP] Removed old backup: db_backup_20251204_003106.sqlite3
[OK] Backup created: /Users/mseddik/IdeaProjects/Backend Project I/src/app/backups/db_backup_20251216_140001.sqlite3
[CLEANUP] Removed old backup: db_backup_20251204_003219.sqlite3
[OK] Backup created: /Users/mseddik/IdeaProjects/Backend Project I/src/app/backups/db_backup_20251217_140000.sqlite3
[CLEANUP] Removed old backup: db_backup_20251205_154907.sqlite3
[OK] Backup created: /Users/mseddik/IdeaProjects/Backend Project I/src/app/backups/db_backup_20251218_140000.sqlite3
[CLEANUP] Removed old backup: db_backup_20251205_154914.sqlite3
[OK] Backup created: /Users/mseddik/IdeaProjects/Backend Project I/src/app/backups/db_backup_20251219_140000.sqlite3
[CLEANUP] Removed old backup: db_backup_20251207_140000.sqlite3
[OK] Backup created: /Users/mseddik/IdeaProjects/Backend Project I/src/app/backups/db_backup_20251221_140000.sqlite3
[CLEANUP] Removed old backup: db_backup_20251209_140000.sqlite3
[OK] Backup created: /Users/mseddik/IdeaProjects/Backend Project I/src/app/backups/db_backup_20251222_140000.sqlite3
[CLEANUP] Removed old backup: db_backup_20251211_140000.sqlite3
[OK] Backup created: /Users/mseddik/IdeaProjects/Backend Project I/src/app/backups/db_backup_20251223_140000.sqlite3
[CLEANUP] Removed old backup: db_backup_20251215_140000.sqlite3
[OK] Backup created: /Users/mseddik/IdeaProjects/Backend Project I/src/app/backups/db_backup_20251224_140001.sqlite3
[CLEANUP] Removed old backup: db_backup_20251216_140001.sqlite3
[OK] Backup created: /Users/mseddik/IdeaProjects/Backend Project I/src/app/backups/db_backup_20251225_140000.sqlite3
[CLEANUP] Removed old backup: db_backup_20251217_140000.sqlite3
[OK] Backup created: /Users/mseddik/IdeaProjects/Backend Project I/src/app/backups/db_backup_20251228_140102.sqlite3
[CLEANUP] Removed old backup: db_backup_20251218_140000.sqlite3
[OK] Backup created: /Users/mseddik/IdeaProjects/Backend Project I/src/app/backups/db_backup_20251230_140001.sqlite3
[CLEANUP] Removed old backup: db_backup_20251219_140000.sqlite3
[OK] Backup created: /Users/mseddik/IdeaProjects/Backend Project I/src/app/backups/db_backup_20260101_140000.sqlite3
[CLEANUP] Removed old backup: db_backup_20251221_140000.sqlite3
[OK] Backup created: /Users/mseddik/IdeaProjects/Backend Project I/src/app/backups/db_backup_20260103_140000.sqlite3
[CLEANUP] Removed old backup: db_backup_20251222_140000.sqlite3
[OK] Backup created: /Users/mseddik/IdeaProjects/Backend Project I/src/app/backups/db_backup_20260104_140001.sqlite3
[CLEANUP] Removed old backup: db_backup_20251223_140000.sqlite3
[OK] Backup created: /Users/mseddik/IdeaProjects/Backend Project I/src/app/backups/db_backup_20260105_140001.sqlite3
[CLEANUP] Removed old backup: db_backup_20251224_140001.sqlite3
[OK] Backup created: /Users/mseddik/IdeaProjects/Backend Project I/src/app/backups/db_backup_20260106_140000.sqlite3
[CLEANUP] Removed old backup: db_backup_20251225_140000.sqlite3
[OK] Backup created: /Users/mseddik/IdeaProjects/Backend Project I/src/app/backups/db_backup_20260110_140000.sqlite3
[CLEANUP] Removed old backup: db_backup_20251228_140102.sqlite3
[OK] Backup created: /Users/mseddik/IdeaProjects/Backend Project I/src/app/backups/db_backup_20260112_140000.sqlite3
[CLEANUP] Removed old backup: db_backup_20251230_140001.sqlite3
[OK] Backup created: /Users/mseddik/IdeaProjects/Backend Project I/src/app/backups/db_backup_20260113_140001.sqlite3
[CLEANUP] Removed old backup: db_backup_20260101_140000.sqlite3
[OK] Backup created: /Users/mseddik/IdeaProjects/Backend Project I/src/app/backups/db_backup_20260115_140006.sqlite3
[CLEANUP] Removed old backup: db_backup_20260103_140000.sqlite3
[OK] Backup created: /Users/mseddik/IdeaProjects/Backend Project I/src/app/backups/db_backup_20260118_140001.sqlite3
[CLEANUP] Removed old backup: db_backup_20260104_140001.sqlite3
[OK] Backup created: /Users/mseddik/IdeaProjects/Backend Project I/src/app/backups/db_backup_20260119_140000.sqlite3
[CLEANUP] Removed old backup: db_backup_20260105_140001.sqlite3
[OK] Backup created: /Users/mseddik/IdeaProjects/Backend Project I/src/app/backups/db_backup_20260120_140347.sqlite3
[CLEANUP] Removed old backup: db_backup_20260106_140000.sqlite3
[OK] Backup created: /Users/mseddik/IdeaProjects/Backend Project I/src/app/backups/db_backup_20260121_140000.sqlite3
[CLEANUP] Removed old backup: db_backup_20260110_140000.sqlite3
[OK] Backup created: /Users/mseddik/IdeaProjects/Backend Project I/src/app/backups/db_backup_20260122_140000.sqlite3
[CLEANUP] Removed old backup: db_backup_20260112_140000.sqlite3
[OK] Backup created: /Users/mseddik/IdeaProjects/Backend Project I/src/app/backups/db_backup_20260124_140000.sqlite3
[CLEANUP] Removed old backup: db_backup_20260113_140001.sqlite3
[OK] Backup created: /Users/mseddik/IdeaProjects/Backend Project I/src/app/backups/db_backup_20260125_140001.sqlite3
[CLEANUP] Removed old backup: db_backup_20260115_140006.sqlite3
[OK] Backup created: /Users/mseddik/IdeaProjects/Backend Project I/src/app/backups/db_backup_20260126_140004.sqlite3
[CLEANUP] Removed old backup: db_backup_20260118_140001.sqlite3
[OK] Backup created: /Users/mseddik/IdeaProjects/Backend Project I/src/app/backups/db_backup_20260127_140000.sqlite3
[CLEANUP] Removed old backup: db_backup_20260119_140000.sqlite3
[OK] Backup created: /Users/mseddik/IdeaProjects/Backend Project I/src/app/backups/db_backup_20260128_140000.sqlite3
[CLEANUP] Removed old backup: db_backup_20260120_140347.sqlite3
[OK] Backup created: /Users/mseddik/IdeaProjects/Backend Project I/src/app/backups/db_backup_20260129_140000.sqlite3
[CLEANUP] Removed old backup: db_backup_20260121_140000.sqlite3
[OK] Backup created: /Users/mseddik/IdeaProjects/Backend Project I/src/app/backups/db_backup_20260131_140001.sqlite3
[CLEANUP] Removed old backup: db_backup_20260122_140000.sqlite3
[OK] Backup created: /Users/mseddik/IdeaProjects/Backend Project I/src/app/backups/db_backup_20260202_140000.sqlite3
[CLEANUP] Removed old backup: db_backup_20260124_140000.sqlite3
[OK] Backup created: /Users/mseddik/IdeaProjects/Backend Project I/src/app/backups/db_backup_20260203_140001.sqlite3
[CLEANUP] Removed old backup: db_backup_20260125_140001.sqlite3
[OK] Backup created: /Users/mseddik/IdeaProjects/Backend Project I/src/app/backups/db_backup_20260204_140001.sqlite3
[CLEANUP] Removed old backup: db_backup_20260126_140004.sqlite3
[OK] Backup created: /Users/mseddik/IdeaProjects/Backend Project I/src/app/backups/db_backup_20260205_140000.sqlite3
[CLEANUP] Removed old backup: db_backup_20260127_140000.sqlite3
[OK] Backup created: /Users/mseddik/IdeaProjects/Backend Project I/src/app/backups/db_backup_20260208_140002.sqlite3
[CLEANUP] Removed old backup: db_backup_20260128_140000.sqlite3
[OK] Backup created: /Users/mseddik/IdeaProjects/Backend Project I/src/app/backups/db_backup_20260209_140001.sqlite3
[CLEANUP] Removed old backup: db_backup_20260129_140000.sqlite3
[OK] Backup created: /Users/mseddik/IdeaProjects/Backend Project I/src/app/backups/db_backup_20260210_140001.sqlite3
[CLEANUP] Removed old backup: db_backup_20260131_140001.sqlite3
[OK] Backup created: /Users/mseddik/IdeaProjects/Backend Project I/src/app/backups/db_backup_20260211_140001.sqlite3
[CLEANUP] Removed old backup: db_backup_20260202_140000.sqlite3
[OK] Backup created: /Users/mseddik/IdeaProjects/Backend Project I/src/app/backups/db_backup_20260212_140001.sqlite3
[CLEANUP] Removed old backup: db_backup_20260203_140001.sqlite3
[OK] Backup created: /Users/mseddik/IdeaProjects/Backend Project I/src/app/backups/db_backup_20260215_140000.sqlite3
[CLEANUP] Removed old backup: db_backup_20260204_140001.sqlite3
[OK] Backup created: /Users/mseddik/IdeaProjects/Backend Project I/src/app/backups/db_backup_20260216_140000.sqlite3
[CLEANUP] Removed old backup: db_backup_20260205_140000.sqlite3
[OK] Backup created: /Users/mseddik/IdeaProjects/Backend Project I/src/app/backups/db_backup_20260217_140001.sqlite3
[CLEANUP] Removed old backup: db_backup_20260208_140002.sqlite3
[OK] Backup created: /Users/mseddik/IdeaProjects/Backend Project I/src/app/backups/db_backup_20260222_140000.sqlite3
[CLEANUP] Removed old backup: db_backup_20260209_140001.sqlite3
[OK] Backup created: /Users/mseddik/IdeaProjects/Backend Project I/src/app/backups/db_backup_20260223_140001.sqlite3
[CLEANUP] Removed old backup: db_backup_20260210_140001.sqlite3
Traceback (most recent call last):
  File "/Users/mseddik/IdeaProjects/Backend Project I/src/app/cronjobs/backup_db.py", line 34, in <module>
    backup_sqlite()
  File "/Users/mseddik/IdeaProjects/Backend Project I/src/app/cronjobs/backup_db.py", line 17, in backup_sqlite
    shutil.copy(DB_PATH, backup_path)
  File "/Applications/Xcode.app/Contents/Developer/Library/Frameworks/Python3.framework/Versions/3.9/lib/python3.9/shutil.py", line 418, in copy
    copyfile(src, dst, follow_symlinks=follow_symlinks)
  File "/Applications/Xcode.app/Contents/Developer/Library/Frameworks/Python3.framework/Versions/3.9/lib/python3.9/shutil.py", line 264, in copyfile
    with open(src, 'rb') as fsrc, open(dst, 'wb') as fdst:
FileNotFoundError: [Errno 2] No such file or directory: 'users.db'
Traceback (most recent call last):
  File "/Users/mseddik/IdeaProjects/Backend Project I/src/app/cronjobs/backup_db.py", line 34, in <module>
    backup_sqlite()
  File "/Users/mseddik/IdeaProjects/Backend Project I/src/app/cronjobs/backup_db.py", line 17, in backup_sqlite
    shutil.copy(DB_PATH, backup_path)
  File "/Applications/Xcode.app/Contents/Developer/Library/Frameworks/Python3.framework/Versions/3.9/lib/python3.9/shutil.py", line 418, in copy
    copyfile(src, dst, follow_symlinks=follow_symlinks)
  File "/Applications/Xcode.app/Contents/Developer/Library/Frameworks/Python3.framework/Versions/3.9/lib/python3.9/shutil.py", line 264, in copyfile
    with open(src, 'rb') as fsrc, open(dst, 'wb') as fdst:
FileNotFoundError: [Errno 2] No such file or directory: 'users.db'
Traceback (most recent call last):
  File "/Users/mseddik/IdeaProjects/Backend Project I/src/app/cronjobs/backup_db.py", line 34, in <module>
    backup_sqlite()
  File "/Users/mseddik/IdeaProjects/Backend Project I/src/app/cronjobs/backup_db.py", line 17, in backup_sqlite
    shutil.copy(DB_PATH, backup_path)
  File "/Applications/Xcode.app/Contents/Developer/Library/Frameworks/Python3.framework/Versions/3.9/lib/python3.9/shutil.py", line 418, in copy
    copyfile(src, dst, follow_symlinks=follow_symlinks)
  File "/Applications/Xcode.app/Contents/Developer/Library/Frameworks/Python3.framework/Versions/3.9/lib/python3.9/shutil.py", line 264, in copyfile
    with open(src, 'rb') as fsrc, open(dst, 'wb') as fdst:
FileNotFoundError: [Errno 2] No such file or directory: 'users.db'
DB_PATH BACKUP: users.db
Traceback (most recent call last):
  File "/Users/mseddik/IdeaProjects/Backend Project I/src/app/cronjobs/backup_db.py", line 36, in <module>
    backup_sqlite()
  File "/Users/mseddik/IdeaProjects/Backend Project I/src/app/cronjobs/backup_db.py", line 19, in backup_sqlite
    shutil.copy(DB_PATH, backup_path)
  File "/Applications/Xcode.app/Contents/Developer/Library/Frameworks/Python3.framework/Versions/3.9/lib/python3.9/shutil.py", line 418, in copy
    copyfile(src, dst, follow_symlinks=follow_symlinks)
  File "/Applications/Xcode.app/Contents/Developer/Library/Frameworks/Python3.framework/Versions/3.9/lib/python3.9/shutil.py", line 264, in copyfile
    with open(src, 'rb') as fsrc, open(dst, 'wb') as fdst:
FileNotFoundError: [Errno 2] No such file or directory: 'users.db'
DB_PATH BACKUP: users.db
Traceback (most recent call last):
  File "/Users/mseddik/IdeaProjects/Backend Project I/src/app/cronjobs/backup_db.py", line 36, in <module>
    backup_sqlite()
  File "/Users/mseddik/IdeaProjects/Backend Project I/src/app/cronjobs/backup_db.py", line 19, in backup_sqlite
    shutil.copy(DB_PATH, backup_path)
  File "/Applications/Xcode.app/Contents/Developer/Library/Frameworks/Python3.framework/Versions/3.9/lib/python3.9/shutil.py", line 418, in copy
    copyfile(src, dst, follow_symlinks=follow_symlinks)
  File "/Applications/Xcode.app/Contents/Developer/Library/Frameworks/Python3.framework/Versions/3.9/lib/python3.9/shutil.py", line 264, in copyfile
    with open(src, 'rb') as fsrc, open(dst, 'wb') as fdst:
FileNotFoundError: [Errno 2] No such file or directory: 'users.db'
DB_PATH BACKUP: users.db
Traceback (most recent call last):
  File "/Users/mseddik/IdeaProjects/Backend Project I/src/app/cronjobs/backup_db.py", line 36, in <module>
    backup_sqlite()
  File "/Users/mseddik/IdeaProjects/Backend Project I/src/app/cronjobs/backup_db.py", line 19, in backup_sqlite
    shutil.copy(DB_PATH, backup_path)
  File "/Applications/Xcode.app/Contents/Developer/Library/Frameworks/Python3.framework/Versions/3.9/lib/python3.9/shutil.py", line 418, in copy
    copyfile(src, dst, follow_symlinks=follow_symlinks)
  File "/Applications/Xcode.app/Contents/Developer/Library/Frameworks/Python3.framework/Versions/3.9/lib/python3.9/shutil.py", line 264, in copyfile
    with open(src, 'rb') as fsrc, open(dst, 'wb') as fdst:
FileNotFoundError: [Errno 2] No such file or directory: 'users.db'
DB_PATH BACKUP: users.db
Traceback (most recent call last):
  File "/Users/mseddik/IdeaProjects/Backend Project I/src/app/cronjobs/backup_db.py", line 36, in <module>
    backup_sqlite()
  File "/Users/mseddik/IdeaProjects/Backend Project I/src/app/cronjobs/backup_db.py", line 19, in backup_sqlite
    shutil.copy(DB_PATH, backup_path)
  File "/Applications/Xcode.app/Contents/Developer/Library/Frameworks/Python3.framework/Versions/3.9/lib/python3.9/shutil.py", line 418, in copy
    copyfile(src, dst, follow_symlinks=follow_symlinks)
  File "/Applications/Xcode.app/Contents/Developer/Library/Frameworks/Python3.framework/Versions/3.9/lib/python3.9/shutil.py", line 264, in copyfile
    with open(src, 'rb') as fsrc, open(dst, 'wb') as fdst:
FileNotFoundError: [Errno 2] No such file or directory: 'users.db'
DB_PATH BACKUP: users.db
Traceback (most recent call last):
  File "/Users/mseddik/IdeaProjects/Backend Project I/src/app/cronjobs/backup_db.py", line 36, in <module>
    backup_sqlite()
  File "/Users/mseddik/IdeaProjects/Backend Project I/src/app/cronjobs/backup_db.py", line 19, in backup_sqlite
    shutil.copy(DB_PATH, backup_path)
  File "/Applications/Xcode.app/Contents/Developer/Library/Frameworks/Python3.framework/Versions/3.9/lib/python3.9/shutil.py", line 418, in copy
    copyfile(src, dst, follow_symlinks=follow_symlinks)
  File "/Applications/Xcode.app/Contents/Developer/Library/Frameworks/Python3.framework/Versions/3.9/lib/python3.9/shutil.py", line 264, in copyfile
    with open(src, 'rb') as fsrc, open(dst, 'wb') as fdst:
FileNotFoundError: [Errno 2] No such file or directory: 'users.db'
DB_PATH BACKUP: users.db
Traceback (most recent call last):
  File "/Users/mseddik/IdeaProjects/Backend Project I/src/app/cronjobs/backup_db.py", line 36, in <module>
    backup_sqlite()
  File "/Users/mseddik/IdeaProjects/Backend Project I/src/app/cronjobs/backup_db.py", line 19, in backup_sqlite
    shutil.copy(DB_PATH, backup_path)
  File "/Applications/Xcode.app/Contents/Developer/Library/Frameworks/Python3.framework/Versions/3.9/lib/python3.9/shutil.py", line 418, in copy
    copyfile(src, dst, follow_symlinks=follow_symlinks)
  File "/Applications/Xcode.app/Contents/Developer/Library/Frameworks/Python3.framework/Versions/3.9/lib/python3.9/shutil.py", line 264, in copyfile
    with open(src, 'rb') as fsrc, open(dst, 'wb') as fdst:
FileNotFoundError: [Errno 2] No such file or directory: 'users.db'
DB_PATH BACKUP: users.db
Traceback (most recent call last):
  File "/Users/mseddik/IdeaProjects/Backend Project I/src/app/cronjobs/backup_db.py", line 36, in <module>
    backup_sqlite()
  File "/Users/mseddik/IdeaProjects/Backend Project I/src/app/cronjobs/backup_db.py", line 19, in backup_sqlite
    shutil.copy(DB_PATH, backup_path)
  File "/Applications/Xcode.app/Contents/Developer/Library/Frameworks/Python3.framework/Versions/3.9/lib/python3.9/shutil.py", line 418, in copy
    copyfile(src, dst, follow_symlinks=follow_symlinks)
  File "/Applications/Xcode.app/Contents/Developer/Library/Frameworks/Python3.framework/Versions/3.9/lib/python3.9/shutil.py", line 264, in copyfile
    with open(src, 'rb') as fsrc, open(dst, 'wb') as fdst:
FileNotFoundError: [Errno 2] No such file or directory: 'users.db'
DB_PATH BACKUP: users.db
Traceback (most recent call last):
  File "/Users/mseddik/IdeaProjects/Backend Project I/src/app/cronjobs/backup_db.py", line 36, in <module>
    backup_sqlite()
  File "/Users/mseddik/IdeaProjects/Backend Project I/src/app/cronjobs/backup_db.py", line 19, in backup_sqlite
    shutil.copy(DB_PATH, backup_path)
  File "/Applications/Xcode.app/Contents/Developer/Library/Frameworks/Python3.framework/Versions/3.9/lib/python3.9/shutil.py", line 418, in copy
    copyfile(src, dst, follow_symlinks=follow_symlinks)
  File "/Applications/Xcode.app/Contents/Developer/Library/Frameworks/Python3.framework/Versions/3.9/lib/python3.9/shutil.py", line 264, in copyfile
    with open(src, 'rb') as fsrc, open(dst, 'wb') as fdst:
FileNotFoundError: [Errno 2] No such file or directory: 'users.db'
DB_PATH BACKUP: users.db
Traceback (most recent call last):
  File "/Users/mseddik/IdeaProjects/Backend Project I/src/app/cronjobs/backup_db.py", line 36, in <module>
    backup_sqlite()
  File "/Users/mseddik/IdeaProjects/Backend Project I/src/app/cronjobs/backup_db.py", line 19, in backup_sqlite
    shutil.copy(DB_PATH, backup_path)
  File "/Applications/Xcode.app/Contents/Developer/Library/Frameworks/Python3.framework/Versions/3.9/lib/python3.9/shutil.py", line 418, in copy
    copyfile(src, dst, follow_symlinks=follow_symlinks)
  File "/Applications/Xcode.app/Contents/Developer/Library/Frameworks/Python3.framework/Versions/3.9/lib/python3.9/shutil.py", line 264, in copyfile
    with open(src, 'rb') as fsrc, open(dst, 'wb') as fdst:
FileNotFoundError: [Errno 2] No such file or directory: 'users.db'
DB_PATH BACKUP: users.db
Traceback (most recent call last):
  File "/Users/mseddik/IdeaProjects/Backend Project I/src/app/cronjobs/backup_db.py", line 36, in <module>
    backup_sqlite()
  File "/Users/mseddik/IdeaProjects/Backend Project I/src/app/cronjobs/backup_db.py", line 19, in backup_sqlite
    shutil.copy(DB_PATH, backup_path)
  File "/Applications/Xcode.app/Contents/Developer/Library/Frameworks/Python3.framework/Versions/3.9/lib/python3.9/shutil.py", line 418, in copy
    copyfile(src, dst, follow_symlinks=follow_symlinks)
  File "/Applications/Xcode.app/Contents/Developer/Library/Frameworks/Python3.framework/Versions/3.9/lib/python3.9/shutil.py", line 264, in copyfile
    with open(src, 'rb') as fsrc, open(dst, 'wb') as fdst:
FileNotFoundError: [Errno 2] No such file or directory: 'users.db'
DB_PATH BACKUP: users.db
Traceback (most recent call last):
  File "/Users/mseddik/IdeaProjects/Backend Project I/src/app/cronjobs/backup_db.py", line 36, in <module>
    backup_sqlite()
  File "/Users/mseddik/IdeaProjects/Backend Project I/src/app/cronjobs/backup_db.py", line 19, in backup_sqlite
    shutil.copy(DB_PATH, backup_path)
  File "/Applications/Xcode.app/Contents/Developer/Library/Frameworks/Python3.framework/Versions/3.9/lib/python3.9/shutil.py", line 418, in copy
    copyfile(src, dst, follow_symlinks=follow_symlinks)
  File "/Applications/Xcode.app/Contents/Developer/Library/Frameworks/Python3.framework/Versions/3.9/lib/python3.9/shutil.py", line 264, in copyfile
    with open(src, 'rb') as fsrc, open(dst, 'wb') as fdst:
FileNotFoundError: [Errno 2] No such file or directory: 'users.db'
DB_PATH BACKUP: users.db
Traceback (most recent call last):
  File "/Users/mseddik/IdeaProjects/Backend Project I/src/app/cronjobs/backup_db.py", line 36, in <module>
    backup_sqlite()
  File "/Users/mseddik/IdeaProjects/Backend Project I/src/app/cronjobs/backup_db.py", line 19, in backup_sqlite
    shutil.copy(DB_PATH, backup_path)
  File "/Applications/Xcode.app/Contents/Developer/Library/Frameworks/Python3.framework/Versions/3.9/lib/python3.9/shutil.py", line 418, in copy
    copyfile(src, dst, follow_symlinks=follow_symlinks)
  File "/Applications/Xcode.app/Contents/Developer/Library/Frameworks/Python3.framework/Versions/3.9/lib/python3.9/shutil.py", line 264, in copyfile
    with open(src, 'rb') as fsrc, open(dst, 'wb') as fdst:
FileNotFoundError: [Errno 2] No such file or directory: 'users.db'
DB_PATH BACKUP: users.db
Traceback (most recent call last):
  File "/Users/mseddik/IdeaProjects/Backend Project I/src/app/cronjobs/backup_db.py", line 36, in <module>
    backup_sqlite()
  File "/Users/mseddik/IdeaProjects/Backend Project I/src/app/cronjobs/backup_db.py", line 19, in backup_sqlite
    shutil.copy(DB_PATH, backup_path)
  File "/Applications/Xcode.app/Contents/Developer/Library/Frameworks/Python3.framework/Versions/3.9/lib/python3.9/shutil.py", line 418, in copy
    copyfile(src, dst, follow_symlinks=follow_symlinks)
  File "/Applications/Xcode.app/Contents/Developer/Library/Frameworks/Python3.framework/Versions/3.9/lib/python3.9/shutil.py", line 264, in copyfile
    with open(src, 'rb') as fsrc, open(dst, 'wb') as fdst:
FileNotFoundError: [Errno 2] No such file or directory: 'users.db'
DB_PATH BACKUP: users.db
Traceback (most recent call last):
  File "/Users/mseddik/IdeaProjects/Backend Project I/src/app/cronjobs/backup_db.py", line 36, in <module>
    backup_sqlite()
  File "/Users/mseddik/IdeaProjects/Backend Project I/src/app/cronjobs/backup_db.py", line 19, in backup_sqlite
    shutil.copy(DB_PATH, backup_path)
  File "/Applications/Xcode.app/Contents/Developer/Library/Frameworks/Python3.framework/Versions/3.9/lib/python3.9/shutil.py", line 418, in copy
    copyfile(src, dst, follow_symlinks=follow_symlinks)
  File "/Applications/Xcode.app/Contents/Developer/Library/Frameworks/Python3.framework/Versions/3.9/lib/python3.9/shutil.py", line 264, in copyfile
    with open(src, 'rb') as fsrc, open(dst, 'wb') as fdst:
FileNotFoundError: [Errno 2] No such file or directory: 'users.db'
DB_PATH BACKUP: users.db
Traceback (most recent call last):
  File "/Users/mseddik/IdeaProjects/Backend Project I/src/app/cronjobs/backup_db.py", line 36, in <module>
    backup_sqlite()
  File "/Users/mseddik/IdeaProjects/Backend Project I/src/app/cronjobs/backup_db.py", line 19, in backup_sqlite
    shutil.copy(DB_PATH, backup_path)
  File "/Applications/Xcode.app/Contents/Developer/Library/Frameworks/Python3.framework/Versions/3.9/lib/python3.9/shutil.py", line 418, in copy
    copyfile(src, dst, follow_symlinks=follow_symlinks)
  File "/Applications/Xcode.app/Contents/Developer/Library/Frameworks/Python3.framework/Versions/3.9/lib/python3.9/shutil.py", line 264, in copyfile
    with open(src, 'rb') as fsrc, open(dst, 'wb') as fdst:
FileNotFoundError: [Errno 2] No such file or directory: 'users.db'
DB_PATH BACKUP: users.db
Traceback (most recent call last):
  File "/Users/mseddik/IdeaProjects/Backend Project I/src/app/cronjobs/backup_db.py", line 36, in <module>
    backup_sqlite()
  File "/Users/mseddik/IdeaProjects/Backend Project I/src/app/cronjobs/backup_db.py", line 19, in backup_sqlite
    shutil.copy(DB_PATH, backup_path)
  File "/Applications/Xcode.app/Contents/Developer/Library/Frameworks/Python3.framework/Versions/3.9/lib/python3.9/shutil.py", line 418, in copy
    copyfile(src, dst, follow_symlinks=follow_symlinks)
  File "/Applications/Xcode.app/Contents/Developer/Library/Frameworks/Python3.framework/Versions/3.9/lib/python3.9/shutil.py", line 264, in copyfile
    with open(src, 'rb') as fsrc, open(dst, 'wb') as fdst:
FileNotFoundError: [Errno 2] No such file or directory: 'users.db'
DB_PATH BACKUP: users.db
Traceback (most recent call last):
  File "/Users/mseddik/IdeaProjects/Backend Project I/src/app/cronjobs/backup_db.py", line 36, in <module>
    backup_sqlite()
  File "/Users/mseddik/IdeaProjects/Backend Project I/src/app/cronjobs/backup_db.py", line 19, in backup_sqlite
    shutil.copy(DB_PATH, backup_path)
  File "/Applications/Xcode.app/Contents/Developer/Library/Frameworks/Python3.framework/Versions/3.9/lib/python3.9/shutil.py", line 418, in copy
    copyfile(src, dst, follow_symlinks=follow_symlinks)
  File "/Applications/Xcode.app/Contents/Developer/Library/Frameworks/Python3.framework/Versions/3.9/lib/python3.9/shutil.py", line 264, in copyfile
    with open(src, 'rb') as fsrc, open(dst, 'wb') as fdst:
FileNotFoundError: [Errno 2] No such file or directory: 'users.db'
DB_PATH BACKUP: users.db
Traceback (most recent call last):
  File "/Users/mseddik/IdeaProjects/Backend Project I/src/app/cronjobs/backup_db.py", line 36, in <module>
    backup_sqlite()
  File "/Users/mseddik/IdeaProjects/Backend Project I/src/app/cronjobs/backup_db.py", line 19, in backup_sqlite
    shutil.copy(DB_PATH, backup_path)
  File "/Applications/Xcode.app/Contents/Developer/Library/Frameworks/Python3.framework/Versions/3.9/lib/python3.9/shutil.py", line 418, in copy
    copyfile(src, dst, follow_symlinks=follow_symlinks)
  File "/Applications/Xcode.app/Contents/Developer/Library/Frameworks/Python3.framework/Versions/3.9/lib/python3.9/shutil.py", line 264, in copyfile
    with open(src, 'rb') as fsrc, open(dst, 'wb') as fdst:
FileNotFoundError: [Errno 2] No such file or directory: 'users.db'
DB_PATH BACKUP: users.db
Traceback (most recent call last):
  File "/Users/mseddik/IdeaProjects/Backend Project I/src/app/cronjobs/backup_db.py", line 36, in <module>
    backup_sqlite()
  File "/Users/mseddik/IdeaProjects/Backend Project I/src/app/cronjobs/backup_db.py", line 19, in backup_sqlite
    shutil.copy(DB_PATH, backup_path)
  File "/Applications/Xcode.app/Contents/Developer/Library/Frameworks/Python3.framework/Versions/3.9/lib/python3.9/shutil.py", line 418, in copy
    copyfile(src, dst, follow_symlinks=follow_symlinks)
  File "/Applications/Xcode.app/Contents/Developer/Library/Frameworks/Python3.framework/Versions/3.9/lib/python3.9/shutil.py", line 264, in copyfile
    with open(src, 'rb') as fsrc, open(dst, 'wb') as fdst:
FileNotFoundError: [Errno 2] No such file or directory: 'users.db'
DB_PATH BACKUP: users.db
Traceback (most recent call last):
  File "/Users/mseddik/IdeaProjects/Backend Project I/src/app/cronjobs/backup_db.py", line 36, in <module>
    backup_sqlite()
  File "/Users/mseddik/IdeaProjects/Backend Project I/src/app/cronjobs/backup_db.py", line 19, in backup_sqlite
    shutil.copy(DB_PATH, backup_path)
  File "/Applications/Xcode.app/Contents/Developer/Library/Frameworks/Python3.framework/Versions/3.9/lib/python3.9/shutil.py", line 418, in copy
    copyfile(src, dst, follow_symlinks=follow_symlinks)
  File "/Applications/Xcode.app/Contents/Developer/Library/Frameworks/Python3.framework/Versions/3.9/lib/python3.9/shutil.py", line 264, in copyfile
    with open(src, 'rb') as fsrc, open(dst, 'wb') as fdst:
FileNotFoundError: [Errno 2] No such file or directory: 'users.db'
DB_PATH BACKUP: users.db
Traceback (most recent call last):
  File "/Users/mseddik/IdeaProjects/Backend Project I/src/app/cronjobs/backup_db.py", line 36, in <module>
    backup_sqlite()
  File "/Users/mseddik/IdeaProjects/Backend Project I/src/app/cronjobs/backup_db.py", line 19, in backup_sqlite
    shutil.copy(DB_PATH, backup_path)
  File "/Applications/Xcode.app/Contents/Developer/Library/Frameworks/Python3.framework/Versions/3.9/lib/python3.9/shutil.py", line 418, in copy
    copyfile(src, dst, follow_symlinks=follow_symlinks)
  File "/Applications/Xcode.app/Contents/Developer/Library/Frameworks/Python3.framework/Versions/3.9/lib/python3.9/shutil.py", line 264, in copyfile
    with open(src, 'rb') as fsrc, open(dst, 'wb') as fdst:
FileNotFoundError: [Errno 2] No such file or directory: 'users.db'
DB_PATH BACKUP: users.db
Traceback (most recent call last):
  File "/Users/mseddik/IdeaProjects/Backend Project I/src/app/cronjobs/backup_db.py", line 36, in <module>
    backup_sqlite()
  File "/Users/mseddik/IdeaProjects/Backend Project I/src/app/cronjobs/backup_db.py", line 19, in backup_sqlite
    shutil.copy(DB_PATH, backup_path)
  File "/Applications/Xcode.app/Contents/Developer/Library/Frameworks/Python3.framework/Versions/3.9/lib/python3.9/shutil.py", line 418, in copy
    copyfile(src, dst, follow_symlinks=follow_symlinks)
  File "/Applications/Xcode.app/Contents/Developer/Library/Frameworks/Python3.framework/Versions/3.9/lib/python3.9/shutil.py", line 264, in copyfile
    with open(src, 'rb') as fsrc, open(dst, 'wb') as fdst:
FileNotFoundError: [Errno 2] No such file or directory: 'users.db'
DB_PATH BACKUP: users.db
Traceback (most recent call last):
  File "/Users/mseddik/IdeaProjects/Backend Project I/src/app/cronjobs/backup_db.py", line 36, in <module>
    backup_sqlite()
  File "/Users/mseddik/IdeaProjects/Backend Project I/src/app/cronjobs/backup_db.py", line 19, in backup_sqlite
    shutil.copy(DB_PATH, backup_path)
  File "/Applications/Xcode.app/Contents/Developer/Library/Frameworks/Python3.framework/Versions/3.9/lib/python3.9/shutil.py", line 418, in copy
    copyfile(src, dst, follow_symlinks=follow_symlinks)
  File "/Applications/Xcode.app/Contents/Developer/Library/Frameworks/Python3.framework/Versions/3.9/lib/python3.9/shutil.py", line 264, in copyfile
    with open(src, 'rb') as fsrc, open(dst, 'wb') as fdst:
FileNotFoundError: [Errno 2] No such file or directory: 'users.db'
DB_PATH BACKUP: users.db
Traceback (most recent call last):
  File "/Users/mseddik/IdeaProjects/Backend Project I/src/app/cronjobs/backup_db.py", line 36, in <module>
    backup_sqlite()
  File "/Users/mseddik/IdeaProjects/Backend Project I/src/app/cronjobs/backup_db.py", line 19, in backup_sqlite
    shutil.copy(DB_PATH, backup_path)
  File "/Applications/Xcode.app/Contents/Developer/Library/Frameworks/Python3.framework/Versions/3.9/lib/python3.9/shutil.py", line 418, in copy
    copyfile(src, dst, follow_symlinks=follow_symlinks)
  File "/Applications/Xcode.app/Contents/Developer/Library/Frameworks/Python3.framework/Versions/3.9/lib/python3.9/shutil.py", line 264, in copyfile
    with open(src, 'rb') as fsrc, open(dst, 'wb') as fdst:
FileNotFoundError: [Errno 2] No such file or directory: 'users.db'
DB_PATH BACKUP: users.db
Traceback (most recent call last):
  File "/Users/mseddik/IdeaProjects/Backend Project I/src/app/cronjobs/backup_db.py", line 36, in <module>
    backup_sqlite()
  File "/Users/mseddik/IdeaProjects/Backend Project I/src/app/cronjobs/backup_db.py", line 19, in backup_sqlite
    shutil.copy(DB_PATH, backup_path)
  File "/Applications/Xcode.app/Contents/Developer/Library/Frameworks/Python3.framework/Versions/3.9/lib/python3.9/shutil.py", line 418, in copy
    copyfile(src, dst, follow_symlinks=follow_symlinks)
  File "/Applications/Xcode.app/Contents/Developer/Library/Frameworks/Python3.framework/Versions/3.9/lib/python3.9/shutil.py", line 264, in copyfile
    with open(src, 'rb') as fsrc, open(dst, 'wb') as fdst:
FileNotFoundError: [Errno 2] No such file or directory: 'users.db'
